<?xml version="1.0" encoding="UTF-8"?>
<!-- Generated by org.testng.reporters.JUnitReportReporter -->
<testsuite skipped="0" hostname="ASRHQV062.local" name="com.nullkode.automation.web.tests.ExampleTest" tests="4" failures="0" timestamp="04 Oct 2019 10:31:23 GMT" time="10.837" errors="0">
  <testcase name="navigateToTwitterHomeUsingEdge" time="1.788" classname="com.nullkode.automation.web.tests.ExampleTest"/>
  <testcase name="navigateToTwitterHomeUsingSafari" time="2.917" classname="com.nullkode.automation.web.tests.ExampleTest"/>
  <testcase name="navigateToTwitterHomeUsingChrome" time="2.248" classname="com.nullkode.automation.web.tests.ExampleTest"/>
  <testcase name="navigateToTwitterHomeUsingFirefox" time="3.884" classname="com.nullkode.automation.web.tests.ExampleTest"/>
</testsuite> <!-- com.nullkode.automation.web.tests.ExampleTest -->
